0 info it worked if it ends with ok
1 verbose cli [ '/usr/share/atom/resources/app/apm/bin/node',
1 verbose cli   '/usr/share/atom/resources/app/apm/node_modules/npm/bin/npm-cli.js',
1 verbose cli   'version',
1 verbose cli   'minor',
1 verbose cli   '-m',
1 verbose cli   'Prepare %s release' ]
2 info using npm@3.10.10
3 info using node@v6.9.5
4 info git [ 'status', '--porcelain' ]
5 info lifecycle atom-mifare@0.4.0~preversion: atom-mifare@0.4.0
6 silly lifecycle atom-mifare@0.4.0~preversion: no script for preversion, continuing
7 verbose version.write data { name: 'atom-mifare',
7 verbose version.write   version: '0.4.0',
7 verbose version.write   description: 'Syntax highlighting for Mifare dump files.',
7 verbose version.write   engines: { atom: '*' },
7 verbose version.write   dependencies: {},
7 verbose version.write   repository:
7 verbose version.write    { type: 'git',
7 verbose version.write      url: 'https://github.com/joanbono/atom-mifare.git' },
7 verbose version.write   bugs: { url: 'https://github.com/joanbono/atom-mifare/issues' },
7 verbose version.write   license: 'GPLv3' } to package.json
8 info lifecycle atom-mifare@0.4.0~version: atom-mifare@0.4.0
9 silly lifecycle atom-mifare@0.4.0~version: no script for version, continuing
10 info git [ 'add', '/home/jbono/Git/atom-mifare/package.json' ]
11 info git [ 'commit', '-m', 'Prepare 0.4.0 release' ]
12 info git [ 'tag', 'v0.4.0', '-am', 'Prepare 0.4.0 release' ]
13 verbose stack Error: Command failed: git tag v0.4.0 -am Prepare 0.4.0 release
13 verbose stack fatal: tag 'v0.4.0' already exists
13 verbose stack
13 verbose stack     at ChildProcess.exithandler (child_process.js:206:12)
13 verbose stack     at emitTwo (events.js:106:13)
13 verbose stack     at ChildProcess.emit (events.js:191:7)
13 verbose stack     at maybeClose (internal/child_process.js:877:16)
13 verbose stack     at Socket.<anonymous> (internal/child_process.js:334:11)
13 verbose stack     at emitOne (events.js:96:13)
13 verbose stack     at Socket.emit (events.js:188:7)
13 verbose stack     at Pipe._handle.close [as _onclose] (net.js:498:12)
14 verbose cwd /home/jbono/Git/atom-mifare
15 error Linux 4.9.0-4-amd64
16 error argv "/usr/share/atom/resources/app/apm/bin/node" "/usr/share/atom/resources/app/apm/node_modules/npm/bin/npm-cli.js" "version" "minor" "-m" "Prepare %s release"
17 error node v6.9.5
18 error npm  v3.10.10
19 error code 128
20 error Command failed: git tag v0.4.0 -am Prepare 0.4.0 release
20 error fatal: tag 'v0.4.0' already exists
21 error If you need help, you may report this error at:
21 error     <https://github.com/npm/npm/issues>
22 verbose exit [ 1, true ]
